<?xml version="1.0" encoding="UTF-8"?>
<!-- Generated by org.testng.reporters.JUnitXMLReporter -->
<testsuite hostname="VeNkY-PC" ignored="0" name="Ebay_Project_Hybrid_Framework" tests="2" failures="0" timestamp="06 Aug 2018 15:45:17 GMT" time="63.818" errors="0">
  <testcase name="varifyTitleTest" time="0.056" classname="com.ebay.qa.testcases.IndexTestCase"/>
  <testcase name="varifyLogoTest" time="0.292" classname="com.ebay.qa.testcases.IndexTestCase"/>
</testsuite> <!-- Ebay_Project_Hybrid_Framework -->
